Using pre-set license
Built from '2020.2/release' branch; Version is '2020.2.1f1 (270dd8c3da1c) revision 2559448'; Using compiler version '192528614'; Build Type 'Release'
OS: 'Windows 10  (10.0.0) 64bit' Language: 'ru' Physical Memory: 8037 MB
BatchMode: 1, IsHumanControllingUs: 0, StartBugReporterOnCrash: 0, Is64bit: 1, IsPro: 0

 COMMAND LINE ARGUMENTS:
D:\Unity\2020.2.1f1\Editor\Unity.exe
-adb2
-batchMode
-noUpm
-name
AssetImportWorker0
-projectPath
D:/Unity Projects/Way-of-the-Samurai/Way of the Samurai 1.0.0
-logFile
Logs/AssetImportWorker0.log
-srvPort
63381
Successfully changed project path to: D:/Unity Projects/Way-of-the-Samurai/Way of the Samurai 1.0.0
D:/Unity Projects/Way-of-the-Samurai/Way of the Samurai 1.0.0
Using Asset Import Pipeline V2.
Refreshing native plugins compatible for Editor in 43.71 ms, found 1 plugins.
Preloading 0 native plugins for Editor in 0.00 ms.
Initialize engine version: 2020.2.1f1 (270dd8c3da1c)
[Subsystems] Discovering subsystems at path D:/Unity/2020.2.1f1/Editor/Data/Resources/UnitySubsystems
[Subsystems] Discovering subsystems at path D:/Unity Projects/Way-of-the-Samurai/Way of the Samurai 1.0.0/Assets
GfxDevice: creating device client; threaded=0
Direct3D:
    Version:  Direct3D 11.0 [level 11.1]
    Renderer: NVIDIA GeForce GTX 1050 (ID=0x1c8d)
    Vendor:   
    VRAM:     4021 MB
    Driver:   27.21.14.6089
Initialize mono
Mono path[0] = 'D:/Unity/2020.2.1f1/Editor/Data/Managed'
Mono path[1] = 'D:/Unity/2020.2.1f1/Editor/Data/MonoBleedingEdge/lib/mono/unityjit'
Mono config path = 'D:/Unity/2020.2.1f1/Editor/Data/MonoBleedingEdge/etc'
Using monoOptions --debugger-agent=transport=dt_socket,embedding=1,server=y,suspend=n,address=127.0.0.1:56296
Begin MonoManager ReloadAssembly
Registering precompiled unity dll's ...
Register platform support module: D:/Unity/2020.2.1f1/Editor/Data/PlaybackEngines/WindowsStandaloneSupport/UnityEditor.WindowsStandalone.Extensions.dll
Registered in 0.000663 seconds.
Native extension for WindowsStandalone target not found
Refreshing native plugins compatible for Editor in 32.44 ms, found 1 plugins.
Preloading 0 native plugins for Editor in 0.00 ms.
Invoked RoslynAnalysisRunner static constructor.
RoslynAnalysisRunner will not be running.
RoslynAnalysisRunner has terminated.
Mono: successfully reloaded assembly
- Completed reload, in  0.785 seconds
Platform modules already initialized, skipping
Registering precompiled user dll's ...
Registered in 0.000596 seconds.
Begin MonoManager ReloadAssembly
Native extension for WindowsStandalone target not found
Refreshing native plugins compatible for Editor in 32.27 ms, found 1 plugins.
Preloading 0 native plugins for Editor in 0.00 ms.
Invoked RoslynAnalysisRunner static constructor.
RoslynAnalysisRunner will not be running.
RoslynAnalysisRunner has terminated.
Mono: successfully reloaded assembly
- Completed reload, in  0.907 seconds
Platform modules already initialized, skipping
========================================================================
Worker process is ready to serve import requests
Launched and connected shader compiler UnityShaderCompiler.exe after 0.10 seconds
Refreshing native plugins compatible for Editor in 0.86 ms, found 1 plugins.
Preloading 0 native plugins for Editor in 0.00 ms.
Unloading 1799 Unused Serialized files (Serialized files now loaded: 0)
System memory in use before: 83.8 MB.
System memory in use after: 83.8 MB.

Unloading 24 unused Assets to reduce memory usage. Loaded Objects now: 2238.
Total: 1.894100 ms (FindLiveObjects: 0.235600 ms CreateObjectMapping: 0.090600 ms MarkObjects: 1.472100 ms  DeleteObjects: 0.094600 ms)

========================================================================
Received Import Request.
  path: Assets/PNG/Background
  artifactKey: Guid(68e7c4f5fff21ba4080636285f4b0461) Importer(815301076,1909f56bfc062723c751e8b465ee728b)
Start importing Assets/PNG/Background using Guid(68e7c4f5fff21ba4080636285f4b0461) Importer(815301076,1909f56bfc062723c751e8b465ee728b)  -> (artifact id: '83fb1ec1c53202a6fa5dbbda7849feac') in 0.085495 seconds
  Import took 0.179414 seconds .

========================================================================
Received Import Request.
  Time since last request: 0.013963 seconds.
  path: Assets/PNG/Background/Sakura_background.jpg
  artifactKey: Guid(3a84a9335ae9b6f4b8121c2d20d36e41) Importer(815301076,1909f56bfc062723c751e8b465ee728b)
Start importing Assets/PNG/Background/Sakura_background.jpg using Guid(3a84a9335ae9b6f4b8121c2d20d36e41) Importer(815301076,1909f56bfc062723c751e8b465ee728b)  -> (artifact id: '18f1ea31da073c106afba1514933fb86') in 0.418413 seconds
  Import took 0.452179 seconds .

========================================================================
Received Import Request.
  Time since last request: 0.000242 seconds.
  path: Assets/PNG
  artifactKey: Guid(fd6b9e51aec7e984397f7db4c2538556) Importer(815301076,1909f56bfc062723c751e8b465ee728b)
Start importing Assets/PNG using Guid(fd6b9e51aec7e984397f7db4c2538556) Importer(815301076,1909f56bfc062723c751e8b465ee728b)  -> (artifact id: 'ca20ecc79a2ef45fdd5ccf252f8210a7') in 0.005031 seconds
  Import took 0.133909 seconds .

========================================================================
Received Import Request.
  Time since last request: 2.109221 seconds.
  path: Assets/PNG/Objects
  artifactKey: Guid(bf344921e79d7124b9b7a561037260b0) Importer(815301076,1909f56bfc062723c751e8b465ee728b)
Start importing Assets/PNG/Objects using Guid(bf344921e79d7124b9b7a561037260b0) Importer(815301076,1909f56bfc062723c751e8b465ee728b)  -> (artifact id: 'd0057b94c30f7c21961731dfbc16af8c') in 0.007253 seconds
  Import took 0.022767 seconds .

========================================================================
Received Import Request.
  Time since last request: 1.511410 seconds.
  path: Assets/PNG/Objects/Environment
  artifactKey: Guid(6fcabfc2552bd544cb72c18e1b642c76) Importer(815301076,1909f56bfc062723c751e8b465ee728b)
Start importing Assets/PNG/Objects/Environment using Guid(6fcabfc2552bd544cb72c18e1b642c76) Importer(815301076,1909f56bfc062723c751e8b465ee728b)  -> (artifact id: 'a46db28f6f8d54047fe20807ea5f239e') in 0.005621 seconds
  Import took 0.083686 seconds .

========================================================================
Received Import Request.
  Time since last request: 0.000266 seconds.
  path: Assets/PNG/Objects/Environment/gr_bush_c.png
  artifactKey: Guid(e42ccb030a31fa04d9d822f9f5aa10fa) Importer(815301076,1909f56bfc062723c751e8b465ee728b)
Start importing Assets/PNG/Objects/Environment/gr_bush_c.png using Guid(e42ccb030a31fa04d9d822f9f5aa10fa) Importer(815301076,1909f56bfc062723c751e8b465ee728b)  -> (artifact id: 'b807720cfd64041a2e4f6211a9d22e7b') in 0.031628 seconds
  Import took 0.144536 seconds .

========================================================================
Received Import Request.
  Time since last request: 0.000262 seconds.
  path: Assets/PNG/Objects/Environment/pine_c.png
  artifactKey: Guid(b0f112a1e1b76de4f8bd230e3a34c3aa) Importer(815301076,1909f56bfc062723c751e8b465ee728b)
Start importing Assets/PNG/Objects/Environment/pine_c.png using Guid(b0f112a1e1b76de4f8bd230e3a34c3aa) Importer(815301076,1909f56bfc062723c751e8b465ee728b)  -> (artifact id: 'def1ad4c4ab7f0dd14a2b2944cafb9ed') in 0.015118 seconds
  Import took 0.017579 seconds .

========================================================================
Received Import Request.
  Time since last request: 0.000179 seconds.
  path: Assets/PNG/Objects/Environment/pink_c.png
  artifactKey: Guid(2827a6c39e3ce56498f41c7a96bf40be) Importer(815301076,1909f56bfc062723c751e8b465ee728b)
Start importing Assets/PNG/Objects/Environment/pink_c.png using Guid(2827a6c39e3ce56498f41c7a96bf40be) Importer(815301076,1909f56bfc062723c751e8b465ee728b)  -> (artifact id: '6a9100abd273f7f0e0093e47231795ff') in 0.019499 seconds
  Import took 0.067636 seconds .

========================================================================
Received Import Request.
  Time since last request: 3.428982 seconds.
  path: Assets/Scenes
  artifactKey: Guid(a15cce7ea30d3444aa52b28b0e4f1861) Importer(815301076,1909f56bfc062723c751e8b465ee728b)
Start importing Assets/Scenes using Guid(a15cce7ea30d3444aa52b28b0e4f1861) Importer(815301076,1909f56bfc062723c751e8b465ee728b)  -> (artifact id: '42abb58a0d8d4caafb8b9efe492f6878') in 0.005374 seconds
  Import took 0.039021 seconds .

========================================================================
Received Import Request.
  Time since last request: 1.572977 seconds.
  path: Assets/Scripts
  artifactKey: Guid(c5874324dbffcca4aba879d61fe73c6a) Importer(815301076,1909f56bfc062723c751e8b465ee728b)
Start importing Assets/Scripts using Guid(c5874324dbffcca4aba879d61fe73c6a) Importer(815301076,1909f56bfc062723c751e8b465ee728b)  -> (artifact id: '388c9dacada27e43e8ee4c4ead53cdba') in 0.008088 seconds
  Import took 0.011728 seconds .

========================================================================
Received Import Request.
  Time since last request: 7.090427 seconds.
  path: Assets/PNG/Objects/Loot
  artifactKey: Guid(9134f81707202444b9c7177253390b12) Importer(815301076,1909f56bfc062723c751e8b465ee728b)
Start importing Assets/PNG/Objects/Loot using Guid(9134f81707202444b9c7177253390b12) Importer(815301076,1909f56bfc062723c751e8b465ee728b)  -> (artifact id: 'e228fdba1d19f8fca0dfb22ee0b7274d') in 0.006833 seconds
  Import took 0.010882 seconds .

========================================================================
Received Import Request.
  Time since last request: 0.032510 seconds.
  path: Assets/PNG/Objects/Loot/coin 1.png
  artifactKey: Guid(32502f6d494e3dd4aaac1aea9abb3774) Importer(815301076,1909f56bfc062723c751e8b465ee728b)
Start importing Assets/PNG/Objects/Loot/coin 1.png using Guid(32502f6d494e3dd4aaac1aea9abb3774) Importer(815301076,1909f56bfc062723c751e8b465ee728b)  -> (artifact id: '9a4e88768b01f81617d16148df99f54f') in 0.033815 seconds
  Import took 0.102287 seconds .

AssetImportWorkerClient::OnTransportError - code=2 error=End of file
